<?xml version="1.0" encoding="UTF-8"?>
<testsuite name="com.publicis.microservices.creditcards.service.CardServiceTest" tests="2" skipped="0" failures="0" errors="0" timestamp="2021-02-08T00:07:12" hostname="LDNMAC60.local" time="0.126">
  <properties/>
  <testcase name="getAllCards()" classname="com.publicis.microservices.creditcards.service.CardServiceTest" time="0.12"/>
  <testcase name="shouldCreateNewCreditCard()" classname="com.publicis.microservices.creditcards.service.CardServiceTest" time="0.006"/>
  <system-out><![CDATA[]]></system-out>
  <system-err><![CDATA[]]></system-err>
</testsuite>
