<?xml version="1.0" encoding="UTF-8"?>
<testsuite name="com.publicis.microservices.creditcards.service.CardServiceTest" tests="1" skipped="0" failures="0" errors="0" timestamp="2021-02-06T01:20:08" hostname="LDNMAC60.local" time="0.383">
  <properties/>
  <testcase name="shouldCreateNewCreditCard()" classname="com.publicis.microservices.creditcards.service.CardServiceTest" time="0.383"/>
  <system-out><![CDATA[]]></system-out>
  <system-err><![CDATA[]]></system-err>
</testsuite>
